{"name": "Next Button Name Validation", "status": "failed", "statusDetails": {"message": "AssertionError", "trace": "register = <Pages_Objects.RegisterForm.RegisterForm object at 0x7fc6ec0d64f0>\n\n    @allure.id(\"RST-27\")\n    @allure.feature(\"Next Button Name\")\n    @allure.suite(\"Register Form\")\n    @allure.title(\"Next Button Name Validation\")\n    @allure.description(\"\"\"\n    Validate that the name of the button for proceeding in the registration form matches the documentation.\n    \n    Expected result:\n    The name of the button for proceeding should match the documentation (e.g., 'Продолжить').\n    \"\"\")\n    def test_register_form_registration_btn_name(register):\n>       register.register_form_registration_btn_name()\n\nTests/test_RegisterForm.py:46: \n_ _ _ _ _ _ _ _ _ _ _ _ _ _ _ _ _ _ _ _ _ _ _ _ _ _ _ _ _ _ _ _ _ _ _ _ _ _ _ _ _ _ _ _ _ _ _ _ _ _ _ _ _ _ _ _ _ _ _ _ _ _ _ _ _ _ _ _ _ _ _ _ _ _ _ _ _ _ _ _ _ _ _ _ _ _ _ \n\nself = <Pages_Objects.RegisterForm.RegisterForm object at 0x7fc6ec0d64f0>\n\n    def register_form_registration_btn_name(self):\n        self.register_form_go_to_form()\n    \n        with allure.step(\"Check 'Continue' button name\"):\n            name = self.get_element_name(self.register_form_registration_button)\n            if name == \"Продолжить\":\n                assert True\n            else:\n                allure.attach(self.driver.get_screenshot_as_png(), name=\"Registration btn\",\n                              attachment_type=AttachmentType.PNG)\n>               assert False\nE               AssertionError\n\nPages_Objects/RegisterForm.py:64: AssertionError"}, "description": "\nValidate that the name of the button for proceeding in the registration form matches the documentation.\n\nExpected result:\nThe name of the button for proceeding should match the documentation (e.g., 'Продолжить').\n", "steps": [{"name": "Go to site", "status": "passed", "start": 1695930725256, "stop": 1695930731844}, {"name": "Click 'Registration' link down the Auth form on the main page", "status": "passed", "start": 1695930731844, "stop": 1695930737464}, {"name": "Check 'Continue' button name", "status": "failed", "statusDetails": {"message": "AssertionError\n", "trace": "  File \"/Users/fimasmf/Documents/Rostelecom_git/Rostelecom/Pages_Objects/RegisterForm.py\", line 64, in register_form_registration_btn_name\n    assert False\n"}, "attachments": [{"name": "Registration btn", "source": "ae059c3d-367a-492f-bd67-05c1e470fbf2-attachment.png", "type": "image/png"}], "start": 1695930737513, "stop": 1695930738046}], "start": 1695930725256, "stop": 1695930738048, "uuid": "c6b064cb-babb-438e-babb-6c4c84729bb2", "historyId": "ad7532ba220fdb3b397e2699e3dcdc48", "testCaseId": "ad7532ba220fdb3b397e2699e3dcdc48", "fullName": "Tests.test_RegisterForm#test_register_form_registration_btn_name", "labels": [{"name": "feature", "value": "Next Button Name"}, {"name": "suite", "value": "Register Form"}, {"name": "as_id", "value": "RST-27"}, {"name": "parentSuite", "value": "Tests"}, {"name": "host", "value": "Fimas-MacBook-Pro.local"}, {"name": "thread", "value": "80478-MainThread"}, {"name": "framework", "value": "pytest"}, {"name": "language", "value": "cpython3"}, {"name": "package", "value": "Tests.test_RegisterForm"}]}