{"uid":"94c21810212f4810","name":"Next Button Name Validation","fullName":"Tests.test_RegisterForm#test_register_form_registration_btn_name","historyId":"ad7532ba220fdb3b397e2699e3dcdc48","time":{"start":1695930725256,"stop":1695930738048,"duration":12792},"description":"\nValidate that the name of the button for proceeding in the registration form matches the documentation.\n\nExpected result:\nThe name of the button for proceeding should match the documentation (e.g., 'Продолжить').\n","descriptionHtml":"<p>Validate that the name of the button for proceeding in the registration form matches the documentation.</p>\n<p>Expected result:<br />\nThe name of the button for proceeding should match the documentation (e.g., 'Продолжить').</p>\n","status":"failed","statusMessage":"AssertionError","statusTrace":"register = <Pages_Objects.RegisterForm.RegisterForm object at 0x7fc6ec0d64f0>\n\n    @allure.id(\"RST-27\")\n    @allure.feature(\"Next Button Name\")\n    @allure.suite(\"Register Form\")\n    @allure.title(\"Next Button Name Validation\")\n    @allure.description(\"\"\"\n    Validate that the name of the button for proceeding in the registration form matches the documentation.\n    \n    Expected result:\n    The name of the button for proceeding should match the documentation (e.g., 'Продолжить').\n    \"\"\")\n    def test_register_form_registration_btn_name(register):\n>       register.register_form_registration_btn_name()\n\nTests/test_RegisterForm.py:46: \n_ _ _ _ _ _ _ _ _ _ _ _ _ _ _ _ _ _ _ _ _ _ _ _ _ _ _ _ _ _ _ _ _ _ _ _ _ _ _ _ _ _ _ _ _ _ _ _ _ _ _ _ _ _ _ _ _ _ _ _ _ _ _ _ _ _ _ _ _ _ _ _ _ _ _ _ _ _ _ _ _ _ _ _ _ _ _ \n\nself = <Pages_Objects.RegisterForm.RegisterForm object at 0x7fc6ec0d64f0>\n\n    def register_form_registration_btn_name(self):\n        self.register_form_go_to_form()\n    \n        with allure.step(\"Check 'Continue' button name\"):\n            name = self.get_element_name(self.register_form_registration_button)\n            if name == \"Продолжить\":\n                assert True\n            else:\n                allure.attach(self.driver.get_screenshot_as_png(), name=\"Registration btn\",\n                              attachment_type=AttachmentType.PNG)\n>               assert False\nE               AssertionError\n\nPages_Objects/RegisterForm.py:64: AssertionError","flaky":false,"newFailed":false,"newBroken":false,"newPassed":false,"retriesCount":0,"retriesStatusChange":false,"beforeStages":[{"name":"browser","time":{"start":1695930721268,"stop":1695930725251,"duration":3983},"status":"passed","steps":[],"attachments":[],"parameters":[],"shouldDisplayMessage":false,"stepsCount":0,"attachmentsCount":0,"hasContent":false},{"name":"register","time":{"start":1695930725252,"stop":1695930725254,"duration":2},"status":"passed","steps":[],"attachments":[],"parameters":[],"shouldDisplayMessage":false,"stepsCount":0,"attachmentsCount":0,"hasContent":false}],"testStage":{"description":"\nValidate that the name of the button for proceeding in the registration form matches the documentation.\n\nExpected result:\nThe name of the button for proceeding should match the documentation (e.g., 'Продолжить').\n","status":"failed","statusMessage":"AssertionError","statusTrace":"register = <Pages_Objects.RegisterForm.RegisterForm object at 0x7fc6ec0d64f0>\n\n    @allure.id(\"RST-27\")\n    @allure.feature(\"Next Button Name\")\n    @allure.suite(\"Register Form\")\n    @allure.title(\"Next Button Name Validation\")\n    @allure.description(\"\"\"\n    Validate that the name of the button for proceeding in the registration form matches the documentation.\n    \n    Expected result:\n    The name of the button for proceeding should match the documentation (e.g., 'Продолжить').\n    \"\"\")\n    def test_register_form_registration_btn_name(register):\n>       register.register_form_registration_btn_name()\n\nTests/test_RegisterForm.py:46: \n_ _ _ _ _ _ _ _ _ _ _ _ _ _ _ _ _ _ _ _ _ _ _ _ _ _ _ _ _ _ _ _ _ _ _ _ _ _ _ _ _ _ _ _ _ _ _ _ _ _ _ _ _ _ _ _ _ _ _ _ _ _ _ _ _ _ _ _ _ _ _ _ _ _ _ _ _ _ _ _ _ _ _ _ _ _ _ \n\nself = <Pages_Objects.RegisterForm.RegisterForm object at 0x7fc6ec0d64f0>\n\n    def register_form_registration_btn_name(self):\n        self.register_form_go_to_form()\n    \n        with allure.step(\"Check 'Continue' button name\"):\n            name = self.get_element_name(self.register_form_registration_button)\n            if name == \"Продолжить\":\n                assert True\n            else:\n                allure.attach(self.driver.get_screenshot_as_png(), name=\"Registration btn\",\n                              attachment_type=AttachmentType.PNG)\n>               assert False\nE               AssertionError\n\nPages_Objects/RegisterForm.py:64: AssertionError","steps":[{"name":"Go to site","time":{"start":1695930725256,"stop":1695930731844,"duration":6588},"status":"passed","steps":[],"attachments":[],"parameters":[],"shouldDisplayMessage":false,"stepsCount":0,"attachmentsCount":0,"hasContent":false},{"name":"Click 'Registration' link down the Auth form on the main page","time":{"start":1695930731844,"stop":1695930737464,"duration":5620},"status":"passed","steps":[],"attachments":[],"parameters":[],"shouldDisplayMessage":false,"stepsCount":0,"attachmentsCount":0,"hasContent":false},{"name":"Check 'Continue' button name","time":{"start":1695930737513,"stop":1695930738046,"duration":533},"status":"failed","statusMessage":"AssertionError\n","statusTrace":"  File \"/Users/fimasmf/Documents/Rostelecom_git/Rostelecom/Pages_Objects/RegisterForm.py\", line 64, in register_form_registration_btn_name\n    assert False\n","steps":[],"attachments":[{"uid":"1d40e337cf39e5b8","name":"Registration btn","source":"1d40e337cf39e5b8.png","type":"image/png","size":134773}],"parameters":[],"shouldDisplayMessage":true,"stepsCount":0,"attachmentsCount":1,"hasContent":true}],"attachments":[],"parameters":[],"shouldDisplayMessage":true,"stepsCount":3,"attachmentsCount":1,"hasContent":true},"afterStages":[{"name":"browser::0","time":{"start":1695930738065,"stop":1695930738617,"duration":552},"status":"passed","steps":[],"attachments":[{"uid":"8fc1bec07c1c9754","name":"Screenshot","source":"8fc1bec07c1c9754.png","type":"image/png","size":134773},{"uid":"28bfdf56071cb6a2","name":"Browser Logs","source":"28bfdf56071cb6a2.txt","type":"text/plain","size":3115}],"parameters":[],"shouldDisplayMessage":false,"stepsCount":0,"attachmentsCount":2,"hasContent":true}],"labels":[{"name":"feature","value":"Next Button Name"},{"name":"suite","value":"Register Form"},{"name":"as_id","value":"RST-27"},{"name":"parentSuite","value":"Tests"},{"name":"host","value":"Fimas-MacBook-Pro.local"},{"name":"thread","value":"80478-MainThread"},{"name":"framework","value":"pytest"},{"name":"language","value":"cpython3"},{"name":"package","value":"Tests.test_RegisterForm"},{"name":"resultFormat","value":"allure2"}],"parameters":[],"links":[],"hidden":false,"retry":false,"extra":{"severity":"normal","retries":[],"categories":[{"name":"Product defects","matchedStatuses":[],"flaky":false}],"tags":[]},"source":"94c21810212f4810.json","parameterValues":[]}